microdb-bench> [NOTE] run_det validates deterministic profile latency, not all profiles/workloads.
[PACED] mode=OFF
[WARN] deinit returned -1
[OK] DB ready (wipe=1, profile=deterministic)

=== microdb ESP32-S3 benchmark start (profile=deterministic) ===
[EFFECTIVE] kv_capacity=376 (target=192) wal_total=32736B
[BENCH] kv_put           total=12.997 ms avg=67.693 us p50=67 p95=71 min=64 max=134 max_op~0 xmax/p50=2.0 spk>1ms=0@0 spk>5ms=0@0 ops/s=14772.6 MB/s=0.056 ops=192 samp=192 heap_d=0
[SLO] kv_put           OK (max=134<=5000, spk>5ms=0<=0)
[PHASE] kv_put           cold_ops=64 cold_avg=67.812 us steady_ops=128 steady_avg=67.633 us
[BENCH] kv_get           total=1.667 ms avg=8.682 us p50=9 p95=9 min=6 max=33 max_op~0 xmax/p50=3.7 spk>1ms=0@0 spk>5ms=0@0 ops/s=115177.0 MB/s=0.439 ops=192 samp=192 heap_d=0
[SLO] kv_get           OK (max=33<=5000, spk>5ms=0<=0)
[PHASE] kv_get           cold_ops=64 cold_avg=8.469 us steady_ops=128 steady_avg=8.789 us
[BENCH] kv_del           total=19.594 ms avg=102.052 us p50=99 p95=105 min=98 max=173 max_op~96 xmax/p50=1.7 spk>1ms=0@0 spk>5ms=0@0 ops/s=9798.9 MB/s=0.000 ops=192 samp=192 heap_d=0
[SLO] kv_del           OK (max=173<=5000, spk>5ms=0<=0)
[PHASE] kv_del           cold_ops=64 cold_avg=100.938 us steady_ops=128 steady_avg=102.609 us
[CHECK] KV benchmark: PASS
[BENCH] ts_insert        total=7.949 ms avg=20.701 us p50=21 p95=21 min=20 max=43 max_op~0 xmax/p50=2.0 spk>1ms=0@0 spk>5ms=0@0 ops/s=48308.0 MB/s=0.184 ops=384 samp=384 heap_d=0
[SLO] ts_insert        OK (max=43<=5000, spk>5ms=0<=0)
[PHASE] ts_insert        cold_ops=64 cold_avg=20.844 us steady_ops=320 steady_avg=20.672 us
[TS] target=384 retained=384 dropped=0
[BENCH] ts_query_buf     total=0.082 ms avg=82.000 us p50=82 p95=82 min=82 max=82 max_op~0 xmax/p50=1.0 spk>1ms=0@0 spk>5ms=0@0 ops/s=12195.1 MB/s=14.887 ops=1 samp=1 heap_d=0
[CHECK] TS benchmark: PASS
[BENCH] rel_insert       total=6.936 ms avg=28.900 us p50=29 p95=32 min=24 max=61 max_op~0 xmax/p50=2.1 spk>1ms=0@0 spk>5ms=0@0 ops/s=34602.1 MB/s=0.264 ops=240 samp=240 heap_d=0
[SLO] rel_insert       OK (max=61<=5000, spk>5ms=0<=0)
[PHASE] rel_insert       cold_ops=64 cold_avg=26.328 us steady_ops=176 steady_avg=29.835 us
[BENCH] rel_find(index)  total=0.020 ms avg=20.000 us p50=20 p95=20 min=20 max=20 max_op~0 xmax/p50=1.0 spk>1ms=0@0 spk>5ms=0@0 ops/s=50000.0 MB/s=0.381 ops=1 samp=1 heap_d=0
[REL] rows_expected=240 rows_actual=240
[CHECK] REL benchmark: PASS
[WAL] baseline before warmup: used=0 total=32736 fill=0%
[BENCH] wal_kv_put       total=33.684 ms avg=75.188 us p50=75 p95=79 min=69 max=104 max_op~0 xmax/p50=1.4 spk>1ms=0@0 spk>5ms=0@0 ops/s=13300.1 MB/s=0.304 ops=448 samp=150 heap_d=0
[SLO] wal_kv_put       OK (max=104<=5000, spk>5ms=0<=0)
[WAL] warmup target_fill=70% reached=76% peak=76% ops_done=448/5600 steady_ops=384 (min=256)
[PHASE] wal_kv_put       cold_ops=64 cold_avg=73.547 us steady_ops=384 steady_avg=75.461 us
[WAL] before compact: used=25136 total=32736 fill=76%
[BENCH] compact          total=10.957 ms avg=10957.000 us p50=10957 p95=10957 min=10957 max=10957 max_op~0 xmax/p50=1.0 spk>1ms=1@0 spk>5ms=1@0 ops/s=91.3 MB/s=0.000 ops=1 samp=1 heap_d=0
[WAL] after compact:  used=0 total=32736 fill=0%
[CHECK] WAL compact: PASS
[BENCH] reopen           total=21.435 ms avg=21435.000 us p50=21435 p95=21435 min=21435 max=21435 max_op~0 xmax/p50=1.0 spk>1ms=1@0 spk>5ms=1@0 ops/s=46.7 MB/s=0.000 ops=1 samp=1 heap_d=0
[CHECK] Reopen integrity: PASS
[MIGRATE] calls=1 old=1 new=2
[CHECK] Migration callback: PASS
[CHECK] TXN commit/rollback: PASS
[STATS] kv=142/376 (37%) coll=11 evict=0
[STATS] ts_streams=1 ts_samples=384 ts_fill=9%
[STATS] wal=96/32736 (0%) rel_tables=2 rel_rows=240
=== microdb ESP32-S3 benchmark end ===
microdb-bench> [METRICS] count=10
[METRIC] kv_put total=12.997ms avg=67.693us p50=67 p95=71 max=134@0 xmax/p50=2.0 spk>1ms=0@0 spk>5ms=0@0 ops/s=14772.6 MB/s=0.056 heap_d=0
[METRIC] kv_get total=1.667ms avg=8.682us p50=9 p95=9 max=33@0 xmax/p50=3.7 spk>1ms=0@0 spk>5ms=0@0 ops/s=115177.0 MB/s=0.439 heap_d=0
[METRIC] kv_del total=19.594ms avg=102.052us p50=99 p95=105 max=173@96 xmax/p50=1.7 spk>1ms=0@0 spk>5ms=0@0 ops/s=9798.9 MB/s=0.000 heap_d=0
[METRIC] ts_insert total=7.949ms avg=20.701us p50=21 p95=21 max=43@0 xmax/p50=2.0 spk>1ms=0@0 spk>5ms=0@0 ops/s=48308.0 MB/s=0.184 heap_d=0
[METRIC] ts_query_buf total=0.082ms avg=82.000us p50=82 p95=82 max=82@0 xmax/p50=1.0 spk>1ms=0@0 spk>5ms=0@0 ops/s=12195.1 MB/s=14.887 heap_d=0
[METRIC] rel_insert total=6.936ms avg=28.900us p50=29 p95=32 max=61@0 xmax/p50=2.1 spk>1ms=0@0 spk>5ms=0@0 ops/s=34602.1 MB/s=0.264 heap_d=0
[METRIC] rel_find(index) total=0.020ms avg=20.000us p50=20 p95=20 max=20@0 xmax/p50=1.0 spk>1ms=0@0 spk>5ms=0@0 ops/s=50000.0 MB/s=0.381 heap_d=0
[METRIC] wal_kv_put total=33.684ms avg=75.188us p50=75 p95=79 max=104@0 xmax/p50=1.4 spk>1ms=0@0 spk>5ms=0@0 ops/s=13300.1 MB/s=0.304 heap_d=0
[METRIC] compact total=10.957ms avg=10957.000us p50=10957 p95=10957 max=10957@0 xmax/p50=1.0 spk>1ms=1@0 spk>5ms=1@0 ops/s=91.3 MB/s=0.000 heap_d=0
[METRIC] reopen total=21.435ms avg=21435.000us p50=21435 p95=21435 max=21435@0 xmax/p50=1.0 spk>1ms=1@0 spk>5ms=1@0 ops/s=46.7 MB/s=0.000 heap_d=0
microdb-bench> 