microdb-bench> [PACED] mode=OFF
[OK] DB ready (wipe=1, profile=deterministic)

=== microdb ESP32-S3 benchmark start (profile=deterministic) ===
[EFFECTIVE] kv_capacity=376 (target=192) wal_total=32736B
[BENCH] kv_put           total=13.413 ms avg=69.859 us p50=70 p95=73 min=64 max=126 max_op~0 xmax/p50=1.8 spk>1ms=0@0 spk>5ms=0@0 ops/s=14314.5 MB/s=0.055 ops=192 samp=192 heap_d=0
[SLO] kv_put           OK (max=126<=5000, spk>5ms=0<=0)
[PHASE] kv_put           cold_ops=64 cold_avg=68.641 us steady_ops=128 steady_avg=70.469 us
[BENCH] kv_get           total=1.648 ms avg=8.583 us p50=9 p95=9 min=6 max=23 max_op~0 xmax/p50=2.6 spk>1ms=0@0 spk>5ms=0@0 ops/s=116504.9 MB/s=0.444 ops=192 samp=192 heap_d=0
[SLO] kv_get           OK (max=23<=5000, spk>5ms=0<=0)
[PHASE] kv_get           cold_ops=64 cold_avg=8.234 us steady_ops=128 steady_avg=8.758 us
[BENCH] kv_del           total=19.690 ms avg=102.552 us p50=100 p95=107 min=98 max=179 max_op~96 xmax/p50=1.8 spk>1ms=0@0 spk>5ms=0@0 ops/s=9751.1 MB/s=0.000 ops=192 samp=192 heap_d=0
[SLO] kv_del           OK (max=179<=5000, spk>5ms=0<=0)
[PHASE] kv_del           cold_ops=64 cold_avg=102.547 us steady_ops=128 steady_avg=102.555 us
[CHECK] KV benchmark: PASS
[BENCH] ts_insert        total=7.960 ms avg=20.729 us p50=21 p95=21 min=20 max=42 max_op~0 xmax/p50=2.0 spk>1ms=0@0 spk>5ms=0@0 ops/s=48241.2 MB/s=0.184 ops=384 samp=384 heap_d=0
[SLO] ts_insert        OK (max=42<=5000, spk>5ms=0<=0)
[PHASE] ts_insert        cold_ops=64 cold_avg=20.906 us steady_ops=320 steady_avg=20.694 us
[TS] target=384 retained=384 dropped=0
[BENCH] ts_query_buf     total=0.083 ms avg=83.000 us p50=83 p95=83 min=83 max=83 max_op~0 xmax/p50=1.0 spk>1ms=0@0 spk>5ms=0@0 ops/s=12048.2 MB/s=14.707 ops=1 samp=1 heap_d=0
[CHECK] TS benchmark: PASS
[BENCH] rel_insert       total=6.931 ms avg=28.879 us p50=29 p95=32 min=23 max=58 max_op~0 xmax/p50=2.0 spk>1ms=0@0 spk>5ms=0@0 ops/s=34627.0 MB/s=0.264 ops=240 samp=240 heap_d=0
[SLO] rel_insert       OK (max=58<=5000, spk>5ms=0<=0)
[PHASE] rel_insert       cold_ops=64 cold_avg=26.203 us steady_ops=176 steady_avg=29.852 us
[BENCH] rel_find(index)  total=0.016 ms avg=16.000 us p50=16 p95=16 min=16 max=16 max_op~0 xmax/p50=1.0 spk>1ms=0@0 spk>5ms=0@0 ops/s=62500.0 MB/s=0.477 ops=1 samp=1 heap_d=0
[REL] rows_expected=240 rows_actual=240
[CHECK] REL benchmark: PASS
[WAL] baseline before warmup: used=0 total=32736 fill=0%
[BENCH] wal_kv_put       total=33.284 ms avg=74.295 us p50=74 p95=78 min=70 max=106 max_op~0 xmax/p50=1.4 spk>1ms=0@0 spk>5ms=0@0 ops/s=13459.9 MB/s=0.308 ops=448 samp=150 heap_d=0
[SLO] wal_kv_put       OK (max=106<=5000, spk>5ms=0<=0)
[WAL] warmup target_fill=70% reached=76% peak=76% ops_done=448/5600 steady_ops=384 (min=256)
[PHASE] wal_kv_put       cold_ops=64 cold_avg=73.406 us steady_ops=384 steady_avg=74.443 us
[WAL] before compact: used=25136 total=32736 fill=76%
[BENCH] compact          total=10.946 ms avg=10946.000 us p50=10946 p95=10946 min=10946 max=10946 max_op~0 xmax/p50=1.0 spk>1ms=1@0 spk>5ms=1@0 ops/s=91.4 MB/s=0.000 ops=1 samp=1 heap_d=0
[WAL] after compact:  used=0 total=32736 fill=0%
[CHECK] WAL compact: PASS
[BENCH] reopen           total=21.431 ms avg=21431.000 us p50=21431 p95=21431 min=21431 max=21431 max_op~0 xmax/p50=1.0 spk>1ms=1@0 spk>5ms=1@0 ops/s=46.7 MB/s=0.000 ops=1 samp=1 heap_d=0
[CHECK] Reopen integrity: PASS
[MIGRATE] calls=1 old=1 new=2
[CHECK] Migration callback: PASS
[CHECK] TXN commit/rollback: PASS
[STATS] kv=142/376 (37%) coll=11 evict=0
[STATS] ts_streams=1 ts_samples=384 ts_fill=9%
[STATS] wal=96/32736 (0%) rel_tables=2 rel_rows=240
=== microdb ESP32-S3 benchmark end ===
microdb-bench> [METRICS] count=10
[METRIC] kv_put total=13.413ms avg=69.859us p50=70 p95=73 max=126@0 xmax/p50=1.8 spk>1ms=0@0 spk>5ms=0@0 ops/s=14314.5 MB/s=0.055 heap_d=0
[METRIC] kv_get total=1.648ms avg=8.583us p50=9 p95=9 max=23@0 xmax/p50=2.6 spk>1ms=0@0 spk>5ms=0@0 ops/s=116504.9 MB/s=0.444 heap_d=0
[METRIC] kv_del total=19.690ms avg=102.552us p50=100 p95=107 max=179@96 xmax/p50=1.8 spk>1ms=0@0 spk>5ms=0@0 ops/s=9751.1 MB/s=0.000 heap_d=0
[METRIC] ts_insert total=7.960ms avg=20.729us p50=21 p95=21 max=42@0 xmax/p50=2.0 spk>1ms=0@0 spk>5ms=0@0 ops/s=48241.2 MB/s=0.184 heap_d=0
[METRIC] ts_query_buf total=0.083ms avg=83.000us p50=83 p95=83 max=83@0 xmax/p50=1.0 spk>1ms=0@0 spk>5ms=0@0 ops/s=12048.2 MB/s=14.707 heap_d=0
[METRIC] rel_insert total=6.931ms avg=28.879us p50=29 p95=32 max=58@0 xmax/p50=2.0 spk>1ms=0@0 spk>5ms=0@0 ops/s=34627.0 MB/s=0.264 heap_d=0
[METRIC] rel_find(index) total=0.016ms avg=16.000us p50=16 p95=16 max=16@0 xmax/p50=1.0 spk>1ms=0@0 spk>5ms=0@0 ops/s=62500.0 MB/s=0.477 heap_d=0
[METRIC] wal_kv_put total=33.284ms avg=74.295us p50=74 p95=78 max=106@0 xmax/p50=1.4 spk>1ms=0@0 spk>5ms=0@0 ops/s=13459.9 MB/s=0.308 heap_d=0
[METRIC] compact total=10.946ms avg=10946.000us p50=10946 p95=10946 max=10946@0 xmax/p50=1.0 spk>1ms=1@0 spk>5ms=1@0 ops/s=91.4 MB/s=0.000 heap_d=0
[METRIC] reopen total=21.431ms avg=21431.000us p50=21431 p95=21431 max=21431@0 xmax/p50=1.0 spk>1ms=1@0 spk>5ms=1@0 ops/s=46.7 MB/s=0.000 heap_d=0
microdb-bench> 