microdb-bench> [NOTE] run_det validates deterministic profile latency, not all profiles/workloads.
[PACED] mode=OFF
[OK] DB ready (wipe=1, profile=deterministic)

=== microdb ESP32-S3 benchmark start (profile=deterministic) ===
[EFFECTIVE] kv_capacity=376 (target=192) wal_total=32736B
[BENCH] kv_put           total=12.983 ms avg=67.620 us p50=67 p95=71 min=64 max=127 max_op~0 xmax/p50=1.9 spk>1ms=0@0 spk>5ms=0@0 ops/s=14788.6 MB/s=0.056 ops=192 samp=192 heap_d=0
[SLO] kv_put           OK (max=127<=5000, spk>5ms=0<=0)
[PHASE] kv_put           cold_ops=64 cold_avg=67.672 us steady_ops=128 steady_avg=67.594 us
[BENCH] kv_get           total=1.651 ms avg=8.599 us p50=9 p95=9 min=6 max=26 max_op~0 xmax/p50=2.9 spk>1ms=0@0 spk>5ms=0@0 ops/s=116293.2 MB/s=0.444 ops=192 samp=192 heap_d=0
[SLO] kv_get           OK (max=26<=5000, spk>5ms=0<=0)
[PHASE] kv_get           cold_ops=64 cold_avg=8.312 us steady_ops=128 steady_avg=8.742 us
[BENCH] kv_del           total=19.585 ms avg=102.005 us p50=99 p95=106 min=97 max=178 max_op~96 xmax/p50=1.8 spk>1ms=0@0 spk>5ms=0@0 ops/s=9803.4 MB/s=0.000 ops=192 samp=192 heap_d=0
[SLO] kv_del           OK (max=178<=5000, spk>5ms=0<=0)
[PHASE] kv_del           cold_ops=64 cold_avg=100.891 us steady_ops=128 steady_avg=102.562 us
[CHECK] KV benchmark: PASS
[BENCH] ts_insert        total=7.952 ms avg=20.708 us p50=21 p95=21 min=20 max=40 max_op~0 xmax/p50=1.9 spk>1ms=0@0 spk>5ms=0@0 ops/s=48289.7 MB/s=0.184 ops=384 samp=384 heap_d=0
[SLO] ts_insert        OK (max=40<=5000, spk>5ms=0<=0)
[PHASE] ts_insert        cold_ops=64 cold_avg=20.875 us steady_ops=320 steady_avg=20.675 us
[TS] target=384 retained=384 dropped=0
[BENCH] ts_query_buf     total=0.081 ms avg=81.000 us p50=81 p95=81 min=81 max=81 max_op~0 xmax/p50=1.0 spk>1ms=0@0 spk>5ms=0@0 ops/s=12345.7 MB/s=15.070 ops=1 samp=1 heap_d=0
[CHECK] TS benchmark: PASS
[BENCH] rel_insert       total=6.920 ms avg=28.833 us p50=29 p95=32 min=23 max=60 max_op~0 xmax/p50=2.1 spk>1ms=0@0 spk>5ms=0@0 ops/s=34682.1 MB/s=0.265 ops=240 samp=240 heap_d=0
[SLO] rel_insert       OK (max=60<=5000, spk>5ms=0<=0)
[PHASE] rel_insert       cold_ops=64 cold_avg=26.219 us steady_ops=176 steady_avg=29.784 us
[BENCH] rel_find(index)  total=0.019 ms avg=19.000 us p50=19 p95=19 min=19 max=19 max_op~0 xmax/p50=1.0 spk>1ms=0@0 spk>5ms=0@0 ops/s=52631.6 MB/s=0.402 ops=1 samp=1 heap_d=0
[REL] rows_expected=240 rows_actual=240
[CHECK] REL benchmark: PASS
[WAL] baseline before warmup: used=0 total=32736 fill=0%
[BENCH] wal_kv_put       total=33.695 ms avg=75.212 us p50=75 p95=80 min=70 max=112 max_op~0 xmax/p50=1.5 spk>1ms=0@0 spk>5ms=0@0 ops/s=13295.7 MB/s=0.304 ops=448 samp=150 heap_d=0
[SLO] wal_kv_put       OK (max=112<=5000, spk>5ms=0<=0)
[WAL] warmup target_fill=70% reached=76% peak=76% ops_done=448/5600 steady_ops=384 (min=256)
[PHASE] wal_kv_put       cold_ops=64 cold_avg=73.641 us steady_ops=384 steady_avg=75.474 us
[WAL] before compact: used=25136 total=32736 fill=76%
[BENCH] compact          total=10.945 ms avg=10945.000 us p50=10945 p95=10945 min=10945 max=10945 max_op~0 xmax/p50=1.0 spk>1ms=1@0 spk>5ms=1@0 ops/s=91.4 MB/s=0.000 ops=1 samp=1 heap_d=0
[WAL] after compact:  used=0 total=32736 fill=0%
[CHECK] WAL compact: PASS
[BENCH] reopen           total=21.419 ms avg=21419.000 us p50=21419 p95=21419 min=21419 max=21419 max_op~0 xmax/p50=1.0 spk>1ms=1@0 spk>5ms=1@0 ops/s=46.7 MB/s=0.000 ops=1 samp=1 heap_d=0
[CHECK] Reopen integrity: PASS
[MIGRATE] calls=1 old=1 new=2
[CHECK] Migration callback: PASS
[CHECK] TXN commit/rollback: PASS
[STATS] kv=142/376 (37%) coll=11 evict=0
[STATS] ts_streams=1 ts_samples=384 ts_fill=9%
[STATS] wal=96/32736 (0%) rel_tables=2 rel_rows=240
=== microdb ESP32-S3 benchmark end ===
microdb-bench> [METRICS] count=10
[METRIC] kv_put total=12.983ms avg=67.620us p50=67 p95=71 max=127@0 xmax/p50=1.9 spk>1ms=0@0 spk>5ms=0@0 ops/s=14788.6 MB/s=0.056 heap_d=0
[METRIC] kv_get total=1.651ms avg=8.599us p50=9 p95=9 max=26@0 xmax/p50=2.9 spk>1ms=0@0 spk>5ms=0@0 ops/s=116293.2 MB/s=0.444 heap_d=0
[METRIC] kv_del total=19.585ms avg=102.005us p50=99 p95=106 max=178@96 xmax/p50=1.8 spk>1ms=0@0 spk>5ms=0@0 ops/s=9803.4 MB/s=0.000 heap_d=0
[METRIC] ts_insert total=7.952ms avg=20.708us p50=21 p95=21 max=40@0 xmax/p50=1.9 spk>1ms=0@0 spk>5ms=0@0 ops/s=48289.7 MB/s=0.184 heap_d=0
[METRIC] ts_query_buf total=0.081ms avg=81.000us p50=81 p95=81 max=81@0 xmax/p50=1.0 spk>1ms=0@0 spk>5ms=0@0 ops/s=12345.7 MB/s=15.070 heap_d=0
[METRIC] rel_insert total=6.920ms avg=28.833us p50=29 p95=32 max=60@0 xmax/p50=2.1 spk>1ms=0@0 spk>5ms=0@0 ops/s=34682.1 MB/s=0.265 heap_d=0
[METRIC] rel_find(index) total=0.019ms avg=19.000us p50=19 p95=19 max=19@0 xmax/p50=1.0 spk>1ms=0@0 spk>5ms=0@0 ops/s=52631.6 MB/s=0.402 heap_d=0
[METRIC] wal_kv_put total=33.695ms avg=75.212us p50=75 p95=80 max=112@0 xmax/p50=1.5 spk>1ms=0@0 spk>5ms=0@0 ops/s=13295.7 MB/s=0.304 heap_d=0
[METRIC] compact total=10.945ms avg=10945.000us p50=10945 p95=10945 max=10945@0 xmax/p50=1.0 spk>1ms=1@0 spk>5ms=1@0 ops/s=91.4 MB/s=0.000 heap_d=0
[METRIC] reopen total=21.419ms avg=21419.000us p50=21419 p95=21419 max=21419@0 xmax/p50=1.0 spk>1ms=1@0 spk>5ms=1@0 ops/s=46.7 MB/s=0.000 heap_d=0
microdb-bench> 